GST ref (0 -> 1)
Setting debug level to 2
GStreamer 1.8.0 initialized
Entering main loop
[Back9672] Using pipeline: playbin uri=http://142.157.169.3:5000/video_feed
No graphic backend defined. Assuming we are in the Unity Editor using DX9.
[Back9672] Using video sink: videoconvert ! video/x-raw,format=BGRA ! fakesink sync=1 qos=1 name=sink
[Back9672] Sink pad probe id is 1
[Back9672] Video branch supports cropping and blitting in one operation
[Back9672] Setting volume to 1
GST ref (1 -> 2)
[Front9702] Using pipeline: playbin uri=http://142.157.45.242:5000/video_feed
[Front9702] Using video sink: videoconvert ! video/x-raw,format=BGRA ! fakesink sync=1 qos=1 name=sink
[Front9702] Sink pad probe id is 1
[Front9702] Video branch supports cropping and blitting in one operation
[Front9702] Setting volume to 1
[Back9672] Setting pipeline to PLAYING
[Back9672] Setting properties to source souphttpsrc
[Back9672] State change completed
[Back9672] Pipeline does not contain a sink named 'sink'
[Front9702] Setting pipeline to PLAYING
[Front9702] Setting properties to source souphttpsrc
[Front9702] State change completed
[Front9702] Pipeline does not contain a sink named 'sink'
[Back9672] Pipeline does not contain a sink named 'sink'
[Front9702] Pipeline does not contain a sink named 'sink'
[Back9672] Pipeline does not contain a sink named 'sink'
[Front9702] Pipeline does not contain a sink named 'sink'
[Back9672] Pipeline does not contain a sink named 'sink'
[Front9702] Pipeline does not contain a sink named 'sink'
[Back9672] Pipeline does not contain a sink named 'sink'
[Front9702] Pipeline does not contain a sink named 'sink'
[Back9672] Pipeline does not contain a sink named 'sink'
[Front9702] Pipeline does not contain a sink named 'sink'
[Back9672] Pipeline does not contain a sink named 'sink'
[Front9702] Pipeline does not contain a sink named 'sink'
[Back9672] Pipeline does not contain a sink named 'sink'
[Front9702] Pipeline does not contain a sink named 'sink'
[Back9672] Pipeline does not contain a sink named 'sink'
[Front9702] Pipeline does not contain a sink named 'sink'
[Back9672] Pipeline does not contain a sink named 'sink'
[Front9702] Pipeline does not contain a sink named 'sink'
[Back9672] Pipeline does not contain a sink named 'sink'
[Front9702] Pipeline does not contain a sink named 'sink'
[Back9672] Pipeline does not contain a sink named 'sink'
[Front9702] Pipeline does not contain a sink named 'sink'
[Back9672] Pipeline does not contain a sink named 'sink'
[Front9702] Pipeline does not contain a sink named 'sink'
[Back9672] Pipeline does not contain a sink named 'sink'
[Front9702] Pipeline does not contain a sink named 'sink'
[Back9672] Pipeline does not contain a sink named 'sink'
[Front9702] Pipeline does not contain a sink named 'sink'
[Back9672] Pipeline does not contain a sink named 'sink'
[Front9702] Pipeline does not contain a sink named 'sink'
[Back9672] Pipeline does not contain a sink named 'sink'
[Front9702] Pipeline does not contain a sink named 'sink'
[Back9672] Pipeline does not contain a sink named 'sink'
[Front9702] Pipeline does not contain a sink named 'sink'
[Back9672] Pipeline does not contain a sink named 'sink'
[Front9702] Pipeline does not contain a sink named 'sink'
[Back9672] Pipeline does not contain a sink named 'sink'
[Front9702] Pipeline does not contain a sink named 'sink'
[Back9672] Pipeline does not contain a sink named 'sink'
[Front9702] Pipeline does not contain a sink named 'sink'
[Back9672] Pipeline does not contain a sink named 'sink'
[Front9702] Pipeline does not contain a sink named 'sink'
[Back9672] Pipeline does not contain a sink named 'sink'
[Front9702] Pipeline does not contain a sink named 'sink'
[Back9672] Pipeline does not contain a sink named 'sink'
[Front9702] Pipeline does not contain a sink named 'sink'
[Back9672] Pipeline does not contain a sink named 'sink'
[Front9702] Pipeline does not contain a sink named 'sink'
[Back9672] Pipeline does not contain a sink named 'sink'
[Front9702] Pipeline does not contain a sink named 'sink'
[Back9672] Pipeline does not contain a sink named 'sink'
[Front9702] Pipeline does not contain a sink named 'sink'
[Back9672] Pipeline does not contain a sink named 'sink'
[Front9702] Pipeline does not contain a sink named 'sink'
[Back9672] Pipeline does not contain a sink named 'sink'
[Front9702] Pipeline does not contain a sink named 'sink'
[Back9672] Pipeline does not contain a sink named 'sink'
[Front9702] Pipeline does not contain a sink named 'sink'
[Back9672] Could not read property 'last-sample' from sink fakesink
[Front9702] Pipeline does not contain a sink named 'sink'
[Back9672] Could not read property 'last-sample' from sink fakesink
[Front9702] Pipeline does not contain a sink named 'sink'
[Back9672] Could not read property 'last-sample' from sink fakesink
[Front9702] Pipeline does not contain a sink named 'sink'
[Front9702] Pipeline does not contain a sink named 'sink'
[Front9702] Pipeline does not contain a sink named 'sink'
[Front9702] Pipeline does not contain a sink named 'sink'
[Front9702] Pipeline does not contain a sink named 'sink'
[Front9702] Pipeline does not contain a sink named 'sink'
[Front9702] Pipeline does not contain a sink named 'sink'
[Front9702] Pipeline does not contain a sink named 'sink'
[Front9702] Pipeline does not contain a sink named 'sink'
[Front9702] Pipeline does not contain a sink named 'sink'
[Front9702] Pipeline does not contain a sink named 'sink'
[Front9702] Pipeline does not contain a sink named 'sink'
[Front9702] Pipeline does not contain a sink named 'sink'
[Front9702] Pipeline does not contain a sink named 'sink'
[Front9702] Pipeline does not contain a sink named 'sink'
[Front9702] Pipeline does not contain a sink named 'sink'
[Front9702] Pipeline does not contain a sink named 'sink'
[Front9702] Pipeline does not contain a sink named 'sink'
[Front9702] Pipeline does not contain a sink named 'sink'
[Front9702] Pipeline does not contain a sink named 'sink'
[Front9702] Pipeline does not contain a sink named 'sink'
[Front9702] Pipeline does not contain a sink named 'sink'
[Front9702] Pipeline does not contain a sink named 'sink'
[Front9702] Pipeline does not contain a sink named 'sink'
[Front9702] Pipeline does not contain a sink named 'sink'
[Front9702] Pipeline does not contain a sink named 'sink'
[Front9702] Pipeline does not contain a sink named 'sink'
[Front9702] Pipeline does not contain a sink named 'sink'
[Front9702] Pipeline does not contain a sink named 'sink'
[Front9702] Pipeline does not contain a sink named 'sink'
[Front9702] Pipeline does not contain a sink named 'sink'
[Front9702] Pipeline does not contain a sink named 'sink'
[Front9702] Pipeline does not contain a sink named 'sink'
[Front9702] Pipeline does not contain a sink named 'sink'
[Front9702] Pipeline does not contain a sink named 'sink'
[Front9702] Pipeline does not contain a sink named 'sink'
[Front9702] Pipeline does not contain a sink named 'sink'
[Front9702] Pipeline does not contain a sink named 'sink'
[Front9702] Pipeline does not contain a sink named 'sink'
[Front9702] Pipeline does not contain a sink named 'sink'
[Front9702] Pipeline does not contain a sink named 'sink'
[Front9702] Pipeline does not contain a sink named 'sink'
[Front9702] Pipeline does not contain a sink named 'sink'
[Front9702] Pipeline does not contain a sink named 'sink'
[Front9702] Pipeline does not contain a sink named 'sink'
[Front9702] Pipeline does not contain a sink named 'sink'
[Front9702] Pipeline does not contain a sink named 'sink'
[Front9702] Pipeline does not contain a sink named 'sink'
[Front9702] Pipeline does not contain a sink named 'sink'
[Front9702] Pipeline does not contain a sink named 'sink'
[Front9702] Pipeline does not contain a sink named 'sink'
[Front9702] Pipeline does not contain a sink named 'sink'
[Front9702] Pipeline does not contain a sink named 'sink'
[Front9702] Pipeline does not contain a sink named 'sink'
[Front9702] Pipeline does not contain a sink named 'sink'
[Front9702] Pipeline does not contain a sink named 'sink'
[Front9702] Pipeline does not contain a sink named 'sink'
[Front9702] Pipeline does not contain a sink named 'sink'
[Front9702] Pipeline does not contain a sink named 'sink'
[Front9702] Pipeline does not contain a sink named 'sink'
[Front9702] Pipeline does not contain a sink named 'sink'
[Front9702] Pipeline does not contain a sink named 'sink'
[Front9702] Pipeline does not contain a sink named 'sink'
[Front9702] Pipeline does not contain a sink named 'sink'
[Front9702] Pipeline does not contain a sink named 'sink'
[Front9702] Pipeline does not contain a sink named 'sink'
[Front9702] Pipeline does not contain a sink named 'sink'
[Front9702] Pipeline does not contain a sink named 'sink'
[Front9702] Pipeline does not contain a sink named 'sink'
[Front9702] Pipeline does not contain a sink named 'sink'
[Front9702] Pipeline does not contain a sink named 'sink'
[Front9702] Pipeline does not contain a sink named 'sink'
[Front9702] Pipeline does not contain a sink named 'sink'
[Front9702] Pipeline does not contain a sink named 'sink'
[Front9702] Pipeline does not contain a sink named 'sink'
[Front9702] Pipeline does not contain a sink named 'sink'
[Front9702] Pipeline does not contain a sink named 'sink'
[Front9702] Pipeline does not contain a sink named 'sink'
[Front9702] Pipeline does not contain a sink named 'sink'
[Front9702] Pipeline does not contain a sink named 'sink'
[Front9702] Pipeline does not contain a sink named 'sink'
[Front9702] Pipeline does not contain a sink named 'sink'
[Front9702] Pipeline does not contain a sink named 'sink'
[Front9702] Pipeline does not contain a sink named 'sink'
[Front9702] Pipeline does not contain a sink named 'sink'
[Front9702] Pipeline does not contain a sink named 'sink'
[Front9702] Pipeline does not contain a sink named 'sink'
[Front9702] Pipeline does not contain a sink named 'sink'
[Front9702] Pipeline does not contain a sink named 'sink'
[Front9702] Pipeline does not contain a sink named 'sink'
[Front9702] Pipeline does not contain a sink named 'sink'
[Front9702] Pipeline does not contain a sink named 'sink'
[Front9702] Pipeline does not contain a sink named 'sink'
[Front9702] Pipeline does not contain a sink named 'sink'
[Front9702] Pipeline does not contain a sink named 'sink'
[Front9702] Pipeline does not contain a sink named 'sink'
[Front9702] Pipeline does not contain a sink named 'sink'
[Front9702] Pipeline does not contain a sink named 'sink'
[Front9702] Pipeline does not contain a sink named 'sink'
[Front9702] Pipeline does not contain a sink named 'sink'
[Front9702] Pipeline does not contain a sink named 'sink'
[Front9702] Pipeline does not contain a sink named 'sink'
[Front9702] Pipeline does not contain a sink named 'sink'
[Front9702] Pipeline does not contain a sink named 'sink'
[Front9702] Pipeline does not contain a sink named 'sink'
[Front9702] Pipeline does not contain a sink named 'sink'
[Front9702] Pipeline does not contain a sink named 'sink'
[Front9702] Pipeline does not contain a sink named 'sink'
[Front9702] Pipeline does not contain a sink named 'sink'
[Front9702] Pipeline does not contain a sink named 'sink'
[Front9702] Pipeline does not contain a sink named 'sink'
[Front9702] Pipeline does not contain a sink named 'sink'
[Front9702] Pipeline does not contain a sink named 'sink'
[Front9702] Pipeline does not contain a sink named 'sink'
[Front9702] Pipeline does not contain a sink named 'sink'
[Front9702] Pipeline does not contain a sink named 'sink'
[Front9702] Pipeline does not contain a sink named 'sink'
[Front9702] Pipeline does not contain a sink named 'sink'
[Front9702] Pipeline does not contain a sink named 'sink'
[Front9702] Pipeline does not contain a sink named 'sink'
[Front9702] Pipeline does not contain a sink named 'sink'
[Front9702] Pipeline does not contain a sink named 'sink'
[Front9702] Pipeline does not contain a sink named 'sink'
[Front9702] Pipeline does not contain a sink named 'sink'
[Front9702] Pipeline does not contain a sink named 'sink'
[Front9702] Pipeline does not contain a sink named 'sink'
[Front9702] Pipeline does not contain a sink named 'sink'
[Front9702] Pipeline does not contain a sink named 'sink'
[Front9702] Pipeline does not contain a sink named 'sink'
[Front9702] Pipeline does not contain a sink named 'sink'
[Front9702] Pipeline does not contain a sink named 'sink'
[Front9702] Pipeline does not contain a sink named 'sink'
[Front9702] Pipeline does not contain a sink named 'sink'
[Front9702] Pipeline does not contain a sink named 'sink'
[Front9702] Pipeline does not contain a sink named 'sink'
[Front9702] Pipeline does not contain a sink named 'sink'
[Front9702] Pipeline does not contain a sink named 'sink'
[Front9702] Pipeline does not contain a sink named 'sink'
[Front9702] Pipeline does not contain a sink named 'sink'
[Front9702] Pipeline does not contain a sink named 'sink'
[Front9702] Pipeline does not contain a sink named 'sink'
[Front9702] Pipeline does not contain a sink named 'sink'
[Front9702] Pipeline does not contain a sink named 'sink'
[Front9702] Pipeline does not contain a sink named 'sink'
[Front9702] Pipeline does not contain a sink named 'sink'
[Front9702] Pipeline does not contain a sink named 'sink'
[Front9702] Pipeline does not contain a sink named 'sink'
[Front9702] Pipeline does not contain a sink named 'sink'
[Front9702] Pipeline does not contain a sink named 'sink'
[Front9702] Pipeline does not contain a sink named 'sink'
[Front9702] Pipeline does not contain a sink named 'sink'
[Front9702] Pipeline does not contain a sink named 'sink'
[Front9702] Pipeline does not contain a sink named 'sink'
[Front9702] Pipeline does not contain a sink named 'sink'
[Front9702] Pipeline does not contain a sink named 'sink'
[Front9702] Pipeline does not contain a sink named 'sink'
[Front9702] Pipeline does not contain a sink named 'sink'
[Front9702] Pipeline does not contain a sink named 'sink'
[Front9702] Pipeline does not contain a sink named 'sink'
[Front9702] Pipeline does not contain a sink named 'sink'
[Front9702] Pipeline does not contain a sink named 'sink'
[Front9702] Pipeline does not contain a sink named 'sink'
[Front9702] Pipeline does not contain a sink named 'sink'
[Front9702] Pipeline does not contain a sink named 'sink'
[Front9702] Pipeline does not contain a sink named 'sink'
[Front9702] Pipeline does not contain a sink named 'sink'
[Front9702] Pipeline does not contain a sink named 'sink'
[Front9702] Pipeline does not contain a sink named 'sink'
[Front9702] Pipeline does not contain a sink named 'sink'
[Front9702] Pipeline does not contain a sink named 'sink'
[Front9702] Pipeline does not contain a sink named 'sink'
[Front9702] Pipeline does not contain a sink named 'sink'
[Front9702] Pipeline does not contain a sink named 'sink'
[Front9702] Pipeline does not contain a sink named 'sink'
[Front9702] Pipeline does not contain a sink named 'sink'
[Front9702] Pipeline does not contain a sink named 'sink'
[Front9702] Pipeline does not contain a sink named 'sink'
[Front9702] Pipeline does not contain a sink named 'sink'
[Front9702] Pipeline does not contain a sink named 'sink'
[Front9702] Pipeline does not contain a sink named 'sink'
[Front9702] Pipeline does not contain a sink named 'sink'
[Front9702] Pipeline does not contain a sink named 'sink'
[Front9702] Pipeline does not contain a sink named 'sink'
[Front9702] Pipeline does not contain a sink named 'sink'
[Front9702] Pipeline does not contain a sink named 'sink'
[Front9702] Pipeline does not contain a sink named 'sink'
[Front9702] Pipeline does not contain a sink named 'sink'
[Front9702] Pipeline does not contain a sink named 'sink'
[Front9702] Pipeline does not contain a sink named 'sink'
[Front9702] Pipeline does not contain a sink named 'sink'
[Front9702] Pipeline does not contain a sink named 'sink'
[Front9702] Pipeline does not contain a sink named 'sink'
[Front9702] Pipeline does not contain a sink named 'sink'
[Front9702] Pipeline does not contain a sink named 'sink'
[Front9702] Pipeline does not contain a sink named 'sink'
[Front9702] Pipeline does not contain a sink named 'sink'
[Front9702] Pipeline does not contain a sink named 'sink'
[Front9702] Pipeline does not contain a sink named 'sink'
[Front9702] Pipeline does not contain a sink named 'sink'
[Front9702] Pipeline does not contain a sink named 'sink'
[Front9702] Pipeline does not contain a sink named 'sink'
[Front9702] Pipeline does not contain a sink named 'sink'
[Front9702] Pipeline does not contain a sink named 'sink'
[Front9702] Pipeline does not contain a sink named 'sink'
[Front9702] Pipeline does not contain a sink named 'sink'
[Front9702] Pipeline does not contain a sink named 'sink'
[Front9702] Pipeline does not contain a sink named 'sink'
[Front9702] Pipeline does not contain a sink named 'sink'
[Front9702] Pipeline does not contain a sink named 'sink'
[Front9702] Pipeline does not contain a sink named 'sink'
[Front9702] Pipeline does not contain a sink named 'sink'
[Front9702] Pipeline does not contain a sink named 'sink'
[Front9702] Pipeline does not contain a sink named 'sink'
[Front9702] Pipeline does not contain a sink named 'sink'
[Front9702] Pipeline does not contain a sink named 'sink'
[Front9702] Pipeline does not contain a sink named 'sink'
[Front9702] Pipeline does not contain a sink named 'sink'
[Front9702] Pipeline does not contain a sink named 'sink'
[Front9702] Pipeline does not contain a sink named 'sink'
[Front9702] Pipeline does not contain a sink named 'sink'
[Front9702] Pipeline does not contain a sink named 'sink'
[Front9702] Pipeline does not contain a sink named 'sink'
[Front9702] Pipeline does not contain a sink named 'sink'
[Front9702] Pipeline does not contain a sink named 'sink'
[Front9702] Pipeline does not contain a sink named 'sink'
[Front9702] Pipeline does not contain a sink named 'sink'
[Front9702] Pipeline does not contain a sink named 'sink'
[Front9702] Pipeline does not contain a sink named 'sink'
[Front9702] Pipeline does not contain a sink named 'sink'
[Front9702] Pipeline does not contain a sink named 'sink'
[Front9702] Pipeline does not contain a sink named 'sink'
[Front9702] Pipeline does not contain a sink named 'sink'
[Front9702] Pipeline does not contain a sink named 'sink'
[Front9702] Pipeline does not contain a sink named 'sink'
[Front9702] Pipeline does not contain a sink named 'sink'
[Front9702] Pipeline does not contain a sink named 'sink'
[Front9702] Pipeline does not contain a sink named 'sink'
[Front9702] Pipeline does not contain a sink named 'sink'
[Front9702] Pipeline does not contain a sink named 'sink'
[Front9702] Pipeline does not contain a sink named 'sink'
[Front9702] Pipeline does not contain a sink named 'sink'
[Front9702] Pipeline does not contain a sink named 'sink'
[Front9702] Pipeline does not contain a sink named 'sink'
[Front9702] Pipeline does not contain a sink named 'sink'
[Front9702] Pipeline does not contain a sink named 'sink'
[Front9702] Pipeline does not contain a sink named 'sink'
[Front9702] Pipeline does not contain a sink named 'sink'
[Front9702] Pipeline does not contain a sink named 'sink'
[Front9702] Pipeline does not contain a sink named 'sink'
[Front9702] Pipeline does not contain a sink named 'sink'
[Front9702] Pipeline does not contain a sink named 'sink'
[Front9702] Pipeline does not contain a sink named 'sink'
[Front9702] Pipeline does not contain a sink named 'sink'
[Front9702] Pipeline does not contain a sink named 'sink'
[Front9702] Pipeline does not contain a sink named 'sink'
[Front9702] Pipeline does not contain a sink named 'sink'
[Front9702] Pipeline does not contain a sink named 'sink'
[Front9702] Pipeline does not contain a sink named 'sink'
[Front9702] Pipeline does not contain a sink named 'sink'
[Front9702] Pipeline does not contain a sink named 'sink'
[Front9702] Pipeline does not contain a sink named 'sink'
[Front9702] Pipeline does not contain a sink named 'sink'
[Front9702] Pipeline does not contain a sink named 'sink'
[Front9702] Pipeline does not contain a sink named 'sink'
[Front9702] Pipeline does not contain a sink named 'sink'
GST unref (2 -> 1)
GST unref (1 -> 0)
Quitting main loop
GST ref (0 -> 1)
Setting debug level to 2
GStreamer 1.8.0 initialized
Entering main loop
[Back9672] Using pipeline: playbin uri=http://142.157.71.92:5000/video_feed
[Back9672] Using video sink: videoconvert ! video/x-raw,format=BGRA ! fakesink sync=1 qos=1 name=sink
[Back9672] Sink pad probe id is 1
[Back9672] Video branch supports cropping and blitting in one operation
[Back9672] Setting volume to 1
GST ref (1 -> 2)
[Front9702] Using pipeline: playbin uri=http://142.157.169.3:5000/video_feed
[Front9702] Using video sink: videoconvert ! video/x-raw,format=BGRA ! fakesink sync=1 qos=1 name=sink
[Front9702] Sink pad probe id is 1
[Front9702] Video branch supports cropping and blitting in one operation
[Front9702] Setting volume to 1
[Back9672] Setting pipeline to PLAYING
[Back9672] Setting properties to source souphttpsrc
[Back9672] State change completed
[Back9672] Pipeline does not contain a sink named 'sink'
[Front9702] Setting pipeline to PLAYING
[Front9702] Setting properties to source souphttpsrc
[Front9702] State change completed
[Front9702] Pipeline does not contain a sink named 'sink'
[Back9672] Pipeline does not contain a sink named 'sink'
[Front9702] Pipeline does not contain a sink named 'sink'
[Back9672] Pipeline does not contain a sink named 'sink'
[Front9702] Pipeline does not contain a sink named 'sink'
[Back9672] Pipeline does not contain a sink named 'sink'
[Front9702] Pipeline does not contain a sink named 'sink'
[Back9672] Pipeline does not contain a sink named 'sink'
[Front9702] Pipeline does not contain a sink named 'sink'
[Back9672] Pipeline does not contain a sink named 'sink'
[Front9702] Pipeline does not contain a sink named 'sink'
[Back9672] Pipeline does not contain a sink named 'sink'
[Front9702] Pipeline does not contain a sink named 'sink'
[Back9672] Pipeline does not contain a sink named 'sink'
[Front9702] Pipeline does not contain a sink named 'sink'
[Back9672] Pipeline does not contain a sink named 'sink'
[Front9702] Pipeline does not contain a sink named 'sink'
[Back9672] Pipeline does not contain a sink named 'sink'
[Front9702] Pipeline does not contain a sink named 'sink'
[Back9672] Pipeline does not contain a sink named 'sink'
[Front9702] Pipeline does not contain a sink named 'sink'
[Back9672] Pipeline does not contain a sink named 'sink'
[Front9702] Pipeline does not contain a sink named 'sink'
[Back9672] Pipeline does not contain a sink named 'sink'
[Front9702] Pipeline does not contain a sink named 'sink'
[Back9672] Pipeline does not contain a sink named 'sink'
[Front9702] Pipeline does not contain a sink named 'sink'
[Back9672] Pipeline does not contain a sink named 'sink'
[Front9702] Pipeline does not contain a sink named 'sink'
[Back9672] Pipeline does not contain a sink named 'sink'
[Front9702] Pipeline does not contain a sink named 'sink'
[Back9672] Pipeline does not contain a sink named 'sink'
[Front9702] Pipeline does not contain a sink named 'sink'
[Back9672] Pipeline does not contain a sink named 'sink'
[Front9702] Pipeline does not contain a sink named 'sink'
[Back9672] Pipeline does not contain a sink named 'sink'
[Front9702] Pipeline does not contain a sink named 'sink'
[Back9672] Pipeline does not contain a sink named 'sink'
[Front9702] Pipeline does not contain a sink named 'sink'
[Back9672] Pipeline does not contain a sink named 'sink'
[Front9702] Pipeline does not contain a sink named 'sink'
[Back9672] Pipeline does not contain a sink named 'sink'
[Front9702] Pipeline does not contain a sink named 'sink'
[Back9672] Pipeline does not contain a sink named 'sink'
[Front9702] Pipeline does not contain a sink named 'sink'
[Back9672] Pipeline does not contain a sink named 'sink'
[Front9702] Pipeline does not contain a sink named 'sink'
[Back9672] Pipeline does not contain a sink named 'sink'
[Front9702] Pipeline does not contain a sink named 'sink'
[Back9672] Pipeline does not contain a sink named 'sink'
[Front9702] Pipeline does not contain a sink named 'sink'
[Back9672] Pipeline does not contain a sink named 'sink'
[Front9702] Pipeline does not contain a sink named 'sink'
[Back9672] Pipeline does not contain a sink named 'sink'
[Front9702] Pipeline does not contain a sink named 'sink'
[Back9672] Pipeline does not contain a sink named 'sink'
[Front9702] Pipeline does not contain a sink named 'sink'
[Back9672] Pipeline does not contain a sink named 'sink'
[Front9702] Could not read property 'last-sample' from sink fakesink
[Back9672] Pipeline does not contain a sink named 'sink'
[Back9672] Pipeline does not contain a sink named 'sink'
[Back9672] Pipeline does not contain a sink named 'sink'
[Back9672] Pipeline does not contain a sink named 'sink'
[Back9672] Pipeline does not contain a sink named 'sink'
[Back9672] Pipeline does not contain a sink named 'sink'
0:00:01.068763784 0000000022C4C200 WRN souphttpsrc gstsouphttpsrc.c:1573:gst_soup_http_src_parse_status:<source> error: Could not establish connection to server.
0:00:01.068803989 0000000022C4C200 WRN souphttpsrc gstsouphttpsrc.c:1573:gst_soup_http_src_parse_status:<source> error: Could not establish connection to server.
0:00:01.068815887 0000000022C4C200 WRN souphttpsrc gstsouphttpsrc.c:1573:gst_soup_http_src_parse_status:<source> error: Could not connect: No connection could be made because the target machine actively refused it. (4), URL: http://142.157.71.92:5000/video_feed, Redirect to: (NULL)
0:00:01.068833528 0000000022C4C200 WRN souphttpsrc gstsouphttpsrc.c:1573:gst_soup_http_src_parse_status:<source> error: Could not connect: No connection could be made because the target machine actively refused it. (4), URL: http://142.157.71.92:5000/video_feed, Redirect to: (NULL)
ERROR: [Back9672] Could not establish connection to server. (gstsouphttpsrc.c(1573): gst_soup_http_src_parse_status (): /GstPlayBin:playbin2/GstURIDecodeBin:uridecodebin2/GstSoupHTTPSrc:source:
Could not connect: No connection could be made because the target machine actively refused it. (4), URL: http://142.157.71.92:5000/video_feed, Redirect to: (NULL))
0:00:01.068983681 0000000022C4C200 WRN souphttpsrc gstsouphttpsrc.c:1573:gst_soup_http_src_parse_status:<source> error: Could not establish connection to server.
0:00:01.068999681 0000000022C4C200 WRN souphttpsrc gstsouphttpsrc.c:1573:gst_soup_http_src_parse_status:<source> error: Could not establish connection to server.
0:00:01.069008707 0000000022C4C200 WRN souphttpsrc gstsouphttpsrc.c:1573:gst_soup_http_src_parse_status:<source> error: Could not connect: No connection could be made because the target machine actively refused it. (4), URL: http://142.157.71.92:5000/video_feed, Redirect to: (NULL)
0:00:01.069023476 0000000022C4C200 WRN souphttpsrc gstsouphttpsrc.c:1573:gst_soup_http_src_parse_status:<source> error: Could not connect: No connection could be made because the target machine actively refused it. (4), URL: http://142.157.71.92:5000/video_feed, Redirect to: (NULL)
0:00:01.069116194 0000000022C4C200 WRN basesrc gstbasesrc.c:2948:gst_base_src_loop:<source> error: Internal data flow error.
0:00:01.069129732 0000000022C4C200 WRN basesrc gstbasesrc.c:2948:gst_base_src_loop:<source> error: Internal data flow error.
0:00:01.069139168 0000000022C4C200 WRN basesrc gstbasesrc.c:2948:gst_base_src_loop:<source> error: streaming task paused, reason error (-5)
0:00:01.069177732 0000000022C4C200 WRN basesrc gstbasesrc.c:2948:gst_base_src_loop:<source> error: streaming task paused, reason error (-5)
0:00:01.069236809 0000000022C4C200 WRN typefind gsttypefindelement.c:981:gst_type_find_element_chain_do_typefinding:<typefindelement2> error: Stream doesn't contain enough data.
0:00:01.069250758 0000000022C4C200 WRN typefind gsttypefindelement.c:981:gst_type_find_element_chain_do_typefinding:<typefindelement2> error: Stream doesn't contain enough data.
0:00:01.069261014 0000000022C4C200 WRN typefind gsttypefindelement.c:981:gst_type_find_element_chain_do_typefinding:<typefindelement2> error: Can't typefind stream
0:00:01.069277014 0000000022C4C200 WRN typefind gsttypefindelement.c:981:gst_type_find_element_chain_do_typefinding:<typefindelement2> error: Can't typefind stream
ERROR: [Back9672] Could not establish connection to server. (gstsouphttpsrc.c(1573): gst_soup_http_src_parse_status (): /GstPlayBin:playbin2/GstURIDecodeBin:uridecodebin2/GstSoupHTTPSrc:source:
Could not connect: No connection could be made because the target machine actively refused it. (4), URL: http://142.157.71.92:5000/video_feed, Redirect to: (NULL))
ERROR: [Back9672] Internal data flow error. (gstbasesrc.c(2948): gst_base_src_loop (): /GstPlayBin:playbin2/GstURIDecodeBin:uridecodebin2/GstSoupHTTPSrc:source:
streaming task paused, reason error (-5))
ERROR: [Back9672] Stream doesn't contain enough data. (gsttypefindelement.c(981): gst_type_find_element_chain_do_typefinding (): /GstPlayBin:playbin2/GstURIDecodeBin:uridecodebin2/GstTypeFindElement:typefindelement2:
Can't typefind stream)
[Back9672] Pipeline does not contain a sink named 'sink'
[Back9672] Pipeline does not contain a sink named 'sink'
[Back9672] Pipeline does not contain a sink named 'sink'
[Back9672] Pipeline does not contain a sink named 'sink'
[Back9672] Pipeline does not contain a sink named 'sink'
[Back9672] Pipeline does not contain a sink named 'sink'
[Back9672] Pipeline does not contain a sink named 'sink'
[Back9672] Pipeline does not contain a sink named 'sink'
[Back9672] Pipeline does not contain a sink named 'sink'
[Back9672] Pipeline does not contain a sink named 'sink'
[Back9672] Pipeline does not contain a sink named 'sink'
[Back9672] Pipeline does not contain a sink named 'sink'
[Back9672] Pipeline does not contain a sink named 'sink'
[Back9672] Pipeline does not contain a sink named 'sink'
[Back9672] Pipeline does not contain a sink named 'sink'
[Back9672] Pipeline does not contain a sink named 'sink'
[Back9672] Pipeline does not contain a sink named 'sink'
[Back9672] Pipeline does not contain a sink named 'sink'
[Back9672] Pipeline does not contain a sink named 'sink'
[Back9672] Pipeline does not contain a sink named 'sink'
[Back9672] Pipeline does not contain a sink named 'sink'
[Back9672] Pipeline does not contain a sink named 'sink'
[Back9672] Pipeline does not contain a sink named 'sink'
[Back9672] Pipeline does not contain a sink named 'sink'
[Back9672] Pipeline does not contain a sink named 'sink'
[Back9672] Pipeline does not contain a sink named 'sink'
[Back9672] Pipeline does not contain a sink named 'sink'
[Back9672] Pipeline does not contain a sink named 'sink'
[Back9672] Pipeline does not contain a sink named 'sink'
[Back9672] Pipeline does not contain a sink named 'sink'
[Back9672] Pipeline does not contain a sink named 'sink'
[Back9672] Pipeline does not contain a sink named 'sink'
[Back9672] Pipeline does not contain a sink named 'sink'
[Back9672] Pipeline does not contain a sink named 'sink'
[Back9672] Pipeline does not contain a sink named 'sink'
[Back9672] Pipeline does not contain a sink named 'sink'
[Back9672] Pipeline does not contain a sink named 'sink'
[Back9672] Pipeline does not contain a sink named 'sink'
[Back9672] Pipeline does not contain a sink named 'sink'
[Back9672] Pipeline does not contain a sink named 'sink'
[Back9672] Pipeline does not contain a sink named 'sink'
[Back9672] Pipeline does not contain a sink named 'sink'
[Back9672] Pipeline does not contain a sink named 'sink'
[Back9672] Pipeline does not contain a sink named 'sink'
[Back9672] Pipeline does not contain a sink named 'sink'
[Back9672] Pipeline does not contain a sink named 'sink'
[Back9672] Pipeline does not contain a sink named 'sink'
[Back9672] Pipeline does not contain a sink named 'sink'
[Back9672] Pipeline does not contain a sink named 'sink'
[Back9672] Pipeline does not contain a sink named 'sink'
[Back9672] Pipeline does not contain a sink named 'sink'
[Back9672] Pipeline does not contain a sink named 'sink'
[Back9672] Pipeline does not contain a sink named 'sink'
[Back9672] Pipeline does not contain a sink named 'sink'
[Back9672] Pipeline does not contain a sink named 'sink'
[Back9672] Pipeline does not contain a sink named 'sink'
[Back9672] Pipeline does not contain a sink named 'sink'
[Back9672] Pipeline does not contain a sink named 'sink'
[Back9672] Pipeline does not contain a sink named 'sink'
[Back9672] Pipeline does not contain a sink named 'sink'
[Back9672] Pipeline does not contain a sink named 'sink'
GST unref (2 -> 1)
GST unref (1 -> 0)
Quitting main loop
GST ref (0 -> 1)
Setting debug level to 2
GStreamer 1.8.0 initialized
Entering main loop
[Back9672] Using pipeline: playbin uri=http://142.157.71.92:5000/video_feed
[Back9672] Using video sink: videoconvert ! video/x-raw,format=BGRA ! fakesink sync=1 qos=1 name=sink
[Back9672] Sink pad probe id is 1
[Back9672] Video branch supports cropping and blitting in one operation
[Back9672] Setting volume to 1
GST ref (1 -> 2)
[Front9702] Using pipeline: playbin uri=http://142.157.169.3:5000/video_feed
[Front9702] Using video sink: videoconvert ! video/x-raw,format=BGRA ! fakesink sync=1 qos=1 name=sink
[Front9702] Sink pad probe id is 1
[Front9702] Video branch supports cropping and blitting in one operation
[Front9702] Setting volume to 1
[Back9672] Setting pipeline to PLAYING
[Back9672] Setting properties to source souphttpsrc
[Back9672] State change completed
[Back9672] Pipeline does not contain a sink named 'sink'
[Front9702] Setting pipeline to PLAYING
[Front9702] Setting properties to source souphttpsrc
[Front9702] State change completed
[Front9702] Pipeline does not contain a sink named 'sink'
[Back9672] Pipeline does not contain a sink named 'sink'
[Front9702] Pipeline does not contain a sink named 'sink'
[Back9672] Pipeline does not contain a sink named 'sink'
[Front9702] Pipeline does not contain a sink named 'sink'
[Back9672] Pipeline does not contain a sink named 'sink'
[Front9702] Pipeline does not contain a sink named 'sink'
[Back9672] Pipeline does not contain a sink named 'sink'
[Front9702] Pipeline does not contain a sink named 'sink'
[Back9672] Pipeline does not contain a sink named 'sink'
[Front9702] Pipeline does not contain a sink named 'sink'
[Back9672] Pipeline does not contain a sink named 'sink'
[Front9702] Pipeline does not contain a sink named 'sink'
[Back9672] Pipeline does not contain a sink named 'sink'
[Front9702] Pipeline does not contain a sink named 'sink'
[Back9672] Pipeline does not contain a sink named 'sink'
[Front9702] Pipeline does not contain a sink named 'sink'
[Back9672] Pipeline does not contain a sink named 'sink'
[Front9702] Pipeline does not contain a sink named 'sink'
[Back9672] Pipeline does not contain a sink named 'sink'
[Front9702] Pipeline does not contain a sink named 'sink'
[Back9672] Pipeline does not contain a sink named 'sink'
[Front9702] Pipeline does not contain a sink named 'sink'
[Back9672] Pipeline does not contain a sink named 'sink'
[Front9702] Pipeline does not contain a sink named 'sink'
[Back9672] Pipeline does not contain a sink named 'sink'
[Front9702] Pipeline does not contain a sink named 'sink'
[Back9672] Pipeline does not contain a sink named 'sink'
[Front9702] Could not read property 'last-sample' from sink fakesink
[Back9672] Pipeline does not contain a sink named 'sink'
[Back9672] Pipeline does not contain a sink named 'sink'
[Back9672] Pipeline does not contain a sink named 'sink'
[Back9672] Pipeline does not contain a sink named 'sink'
[Back9672] Pipeline does not contain a sink named 'sink'
[Back9672] Pipeline does not contain a sink named 'sink'
[Back9672] Pipeline does not contain a sink named 'sink'
[Back9672] Pipeline does not contain a sink named 'sink'
[Back9672] Pipeline does not contain a sink named 'sink'
[Back9672] Pipeline does not contain a sink named 'sink'
[Back9672] Pipeline does not contain a sink named 'sink'
[Back9672] Pipeline does not contain a sink named 'sink'
[Back9672] Pipeline does not contain a sink named 'sink'
[Back9672] Pipeline does not contain a sink named 'sink'
[Back9672] Pipeline does not contain a sink named 'sink'
[Back9672] Pipeline does not contain a sink named 'sink'
[Back9672] Pipeline does not contain a sink named 'sink'
[Back9672] Pipeline does not contain a sink named 'sink'
[Back9672] Pipeline does not contain a sink named 'sink'
[Back9672] Pipeline does not contain a sink named 'sink'
[Back9672] Pipeline does not contain a sink named 'sink'
[Back9672] Pipeline does not contain a sink named 'sink'
[Back9672] Pipeline does not contain a sink named 'sink'
[Back9672] Pipeline does not contain a sink named 'sink'
[Back9672] Pipeline does not contain a sink named 'sink'
[Back9672] Pipeline does not contain a sink named 'sink'
[Back9672] Pipeline does not contain a sink named 'sink'
[Back9672] Pipeline does not contain a sink named 'sink'
[Back9672] Pipeline does not contain a sink named 'sink'
[Back9672] Pipeline does not contain a sink named 'sink'
[Back9672] Pipeline does not contain a sink named 'sink'
[Back9672] Pipeline does not contain a sink named 'sink'
[Back9672] Pipeline does not contain a sink named 'sink'
[Back9672] Pipeline does not contain a sink named 'sink'
[Back9672] Pipeline does not contain a sink named 'sink'
[Back9672] Pipeline does not contain a sink named 'sink'
[Back9672] Pipeline does not contain a sink named 'sink'
[Back9672] Pipeline does not contain a sink named 'sink'
[Back9672] Pipeline does not contain a sink named 'sink'
[Back9672] Pipeline does not contain a sink named 'sink'
[Back9672] Pipeline does not contain a sink named 'sink'
[Back9672] Pipeline does not contain a sink named 'sink'
[Back9672] Pipeline does not contain a sink named 'sink'
[Back9672] Pipeline does not contain a sink named 'sink'
[Back9672] Pipeline does not contain a sink named 'sink'
[Back9672] Pipeline does not contain a sink named 'sink'
[Back9672] Pipeline does not contain a sink named 'sink'
[Back9672] Pipeline does not contain a sink named 'sink'
[Back9672] Pipeline does not contain a sink named 'sink'
[Back9672] Pipeline does not contain a sink named 'sink'
[Back9672] Pipeline does not contain a sink named 'sink'
[Back9672] Pipeline does not contain a sink named 'sink'
[Back9672] Pipeline does not contain a sink named 'sink'
[Back9672] Pipeline does not contain a sink named 'sink'
[Back9672] Pipeline does not contain a sink named 'sink'
[Back9672] Pipeline does not contain a sink named 'sink'
[Back9672] Pipeline does not contain a sink named 'sink'
[Back9672] Pipeline does not contain a sink named 'sink'
[Back9672] Pipeline does not contain a sink named 'sink'
[Back9672] Pipeline does not contain a sink named 'sink'
[Back9672] Pipeline does not contain a sink named 'sink'
[Back9672] Pipeline does not contain a sink named 'sink'
[Back9672] Pipeline does not contain a sink named 'sink'
[Back9672] Pipeline does not contain a sink named 'sink'
[Back9672] Pipeline does not contain a sink named 'sink'
[Back9672] Pipeline does not contain a sink named 'sink'
[Back9672] Pipeline does not contain a sink named 'sink'
[Back9672] Pipeline does not contain a sink named 'sink'
[Back9672] Pipeline does not contain a sink named 'sink'
[Back9672] Pipeline does not contain a sink named 'sink'
[Back9672] Pipeline does not contain a sink named 'sink'
[Back9672] Pipeline does not contain a sink named 'sink'
[Back9672] Pipeline does not contain a sink named 'sink'
[Back9672] Pipeline does not contain a sink named 'sink'
[Back9672] Pipeline does not contain a sink named 'sink'
[Back9672] Pipeline does not contain a sink named 'sink'
[Back9672] Pipeline does not contain a sink named 'sink'
[Back9672] Pipeline does not contain a sink named 'sink'
[Back9672] Pipeline does not contain a sink named 'sink'
[Back9672] Pipeline does not contain a sink named 'sink'
[Back9672] Pipeline does not contain a sink named 'sink'
[Back9672] Pipeline does not contain a sink named 'sink'
[Back9672] Pipeline does not contain a sink named 'sink'
[Back9672] Pipeline does not contain a sink named 'sink'
[Back9672] Pipeline does not contain a sink named 'sink'
[Back9672] Pipeline does not contain a sink named 'sink'
[Back9672] Pipeline does not contain a sink named 'sink'
[Back9672] Pipeline does not contain a sink named 'sink'
[Back9672] Pipeline does not contain a sink named 'sink'
[Back9672] Pipeline does not contain a sink named 'sink'
[Back9672] Pipeline does not contain a sink named 'sink'
[Back9672] Pipeline does not contain a sink named 'sink'
[Back9672] Pipeline does not contain a sink named 'sink'
[Back9672] Pipeline does not contain a sink named 'sink'
[Back9672] Pipeline does not contain a sink named 'sink'
[Back9672] Pipeline does not contain a sink named 'sink'
[Back9672] Pipeline does not contain a sink named 'sink'
[Back9672] Pipeline does not contain a sink named 'sink'
[Back9672] Pipeline does not contain a sink named 'sink'
[Back9672] Pipeline does not contain a sink named 'sink'
[Back9672] Pipeline does not contain a sink named 'sink'
[Back9672] Pipeline does not contain a sink named 'sink'
[Back9672] Pipeline does not contain a sink named 'sink'
[Back9672] Pipeline does not contain a sink named 'sink'
[Back9672] Pipeline does not contain a sink named 'sink'
[Back9672] Pipeline does not contain a sink named 'sink'
[Back9672] Pipeline does not contain a sink named 'sink'
[Back9672] Pipeline does not contain a sink named 'sink'
[Back9672] Pipeline does not contain a sink named 'sink'
[Back9672] Pipeline does not contain a sink named 'sink'
[Back9672] Pipeline does not contain a sink named 'sink'
[Back9672] Pipeline does not contain a sink named 'sink'
[Back9672] Pipeline does not contain a sink named 'sink'
[Back9672] Pipeline does not contain a sink named 'sink'
[Back9672] Pipeline does not contain a sink named 'sink'
[Back9672] Pipeline does not contain a sink named 'sink'
[Back9672] Pipeline does not contain a sink named 'sink'
[Back9672] Pipeline does not contain a sink named 'sink'
[Back9672] Pipeline does not contain a sink named 'sink'
[Back9672] Pipeline does not contain a sink named 'sink'
[Back9672] Pipeline does not contain a sink named 'sink'
[Back9672] Pipeline does not contain a sink named 'sink'
[Back9672] Pipeline does not contain a sink named 'sink'
[Back9672] Pipeline does not contain a sink named 'sink'
[Back9672] Pipeline does not contain a sink named 'sink'
[Back9672] Pipeline does not contain a sink named 'sink'
[Back9672] Pipeline does not contain a sink named 'sink'
[Back9672] Pipeline does not contain a sink named 'sink'
[Back9672] Pipeline does not contain a sink named 'sink'
[Back9672] Pipeline does not contain a sink named 'sink'
[Back9672] Pipeline does not contain a sink named 'sink'
[Back9672] Pipeline does not contain a sink named 'sink'
[Back9672] Pipeline does not contain a sink named 'sink'
[Back9672] Pipeline does not contain a sink named 'sink'
[Back9672] Pipeline does not contain a sink named 'sink'
[Back9672] Pipeline does not contain a sink named 'sink'
[Back9672] Pipeline does not contain a sink named 'sink'
[Back9672] Pipeline does not contain a sink named 'sink'
[Back9672] Pipeline does not contain a sink named 'sink'
[Back9672] Pipeline does not contain a sink named 'sink'
[Back9672] Pipeline does not contain a sink named 'sink'
[Back9672] Pipeline does not contain a sink named 'sink'
[Back9672] Pipeline does not contain a sink named 'sink'
[Back9672] Pipeline does not contain a sink named 'sink'
[Back9672] Pipeline does not contain a sink named 'sink'
[Back9672] Pipeline does not contain a sink named 'sink'
[Back9672] Pipeline does not contain a sink named 'sink'
[Back9672] Pipeline does not contain a sink named 'sink'
[Back9672] Pipeline does not contain a sink named 'sink'
[Back9672] Pipeline does not contain a sink named 'sink'
[Back9672] Pipeline does not contain a sink named 'sink'
[Back9672] Pipeline does not contain a sink named 'sink'
[Back9672] Pipeline does not contain a sink named 'sink'
[Back9672] Pipeline does not contain a sink named 'sink'
[Back9672] Pipeline does not contain a sink named 'sink'
[Back9672] Pipeline does not contain a sink named 'sink'
[Back9672] Pipeline does not contain a sink named 'sink'
[Back9672] Pipeline does not contain a sink named 'sink'
[Back9672] Pipeline does not contain a sink named 'sink'
[Back9672] Pipeline does not contain a sink named 'sink'
[Back9672] Pipeline does not contain a sink named 'sink'
[Back9672] Pipeline does not contain a sink named 'sink'
[Back9672] Pipeline does not contain a sink named 'sink'
[Back9672] Pipeline does not contain a sink named 'sink'
[Back9672] Pipeline does not contain a sink named 'sink'
[Back9672] Pipeline does not contain a sink named 'sink'
[Back9672] Pipeline does not contain a sink named 'sink'
[Back9672] Pipeline does not contain a sink named 'sink'
[Back9672] Pipeline does not contain a sink named 'sink'
[Back9672] Pipeline does not contain a sink named 'sink'
[Back9672] Pipeline does not contain a sink named 'sink'
[Back9672] Pipeline does not contain a sink named 'sink'
[Back9672] Pipeline does not contain a sink named 'sink'
[Back9672] Pipeline does not contain a sink named 'sink'
[Back9672] Pipeline does not contain a sink named 'sink'
[Back9672] Pipeline does not contain a sink named 'sink'
[Back9672] Pipeline does not contain a sink named 'sink'
[Back9672] Pipeline does not contain a sink named 'sink'
[Back9672] Pipeline does not contain a sink named 'sink'
[Back9672] Pipeline does not contain a sink named 'sink'
[Back9672] Pipeline does not contain a sink named 'sink'
[Back9672] Pipeline does not contain a sink named 'sink'
[Back9672] Pipeline does not contain a sink named 'sink'
[Back9672] Pipeline does not contain a sink named 'sink'
[Back9672] Pipeline does not contain a sink named 'sink'
[Back9672] Pipeline does not contain a sink named 'sink'
[Back9672] Pipeline does not contain a sink named 'sink'
[Back9672] Pipeline does not contain a sink named 'sink'
[Back9672] Pipeline does not contain a sink named 'sink'
[Back9672] Pipeline does not contain a sink named 'sink'
[Back9672] Pipeline does not contain a sink named 'sink'
[Back9672] Pipeline does not contain a sink named 'sink'
[Back9672] Pipeline does not contain a sink named 'sink'
[Back9672] Pipeline does not contain a sink named 'sink'
[Back9672] Pipeline does not contain a sink named 'sink'
[Back9672] Pipeline does not contain a sink named 'sink'
[Back9672] Pipeline does not contain a sink named 'sink'
[Back9672] Pipeline does not contain a sink named 'sink'
[Back9672] Pipeline does not contain a sink named 'sink'
[Back9672] Pipeline does not contain a sink named 'sink'
[Back9672] Pipeline does not contain a sink named 'sink'
[Back9672] Pipeline does not contain a sink named 'sink'
[Back9672] Pipeline does not contain a sink named 'sink'
[Back9672] Pipeline does not contain a sink named 'sink'
[Back9672] Pipeline does not contain a sink named 'sink'
[Back9672] Pipeline does not contain a sink named 'sink'
[Back9672] Pipeline does not contain a sink named 'sink'
[Back9672] Pipeline does not contain a sink named 'sink'
[Back9672] Pipeline does not contain a sink named 'sink'
[Back9672] Pipeline does not contain a sink named 'sink'
[Back9672] Pipeline does not contain a sink named 'sink'
[Back9672] Pipeline does not contain a sink named 'sink'
[Back9672] Pipeline does not contain a sink named 'sink'
[Back9672] Pipeline does not contain a sink named 'sink'
[Back9672] Pipeline does not contain a sink named 'sink'
[Back9672] Pipeline does not contain a sink named 'sink'
[Back9672] Pipeline does not contain a sink named 'sink'
[Back9672] Pipeline does not contain a sink named 'sink'
[Back9672] Pipeline does not contain a sink named 'sink'
[Back9672] Pipeline does not contain a sink named 'sink'
[Back9672] Pipeline does not contain a sink named 'sink'
[Back9672] Pipeline does not contain a sink named 'sink'
[Back9672] Pipeline does not contain a sink named 'sink'
[Back9672] Pipeline does not contain a sink named 'sink'
[Back9672] Pipeline does not contain a sink named 'sink'
[Back9672] Pipeline does not contain a sink named 'sink'
[Back9672] Pipeline does not contain a sink named 'sink'
[Back9672] Pipeline does not contain a sink named 'sink'
[Back9672] Pipeline does not contain a sink named 'sink'
[Back9672] Could not read property 'last-sample' from sink fakesink
[Back9672] Could not read property 'last-sample' from sink fakesink
GST unref (2 -> 1)
GST unref (1 -> 0)
Quitting main loop
